Using pre-set license
Built from '2020.2/release' branch; Version is '2020.2.1f1 (270dd8c3da1c) revision 2559448'; Using compiler version '192528614'; Build Type 'Release'
OS: 'Windows 10  (10.0.0) 64bit' Language: 'fr' Physical Memory: 4001 MB
BatchMode: 1, IsHumanControllingUs: 0, StartBugReporterOnCrash: 0, Is64bit: 1, IsPro: 0

 COMMAND LINE ARGUMENTS:
C:\Program Files\Unity\Hub\Editor\2020.2.1f1\Editor\Unity.exe
-adb2
-batchMode
-noUpm
-name
AssetImportWorker18
-projectPath
C:/Users/Monas1/SpiritedAwayProject
-logFile
Logs/AssetImportWorker18.log
-srvPort
63764
Successfully changed project path to: C:/Users/Monas1/SpiritedAwayProject
C:/Users/Monas1/SpiritedAwayProject
Using Asset Import Pipeline V2.
Refreshing native plugins compatible for Editor in 101.93 ms, found 0 plugins.
Preloading 0 native plugins for Editor in 0.00 ms.
Initialize engine version: 2020.2.1f1 (270dd8c3da1c)
[Subsystems] Discovering subsystems at path C:/Program Files/Unity/Hub/Editor/2020.2.1f1/Editor/Data/Resources/UnitySubsystems
[Subsystems] Discovering subsystems at path C:/Users/Monas1/SpiritedAwayProject/Assets
GfxDevice: creating device client; threaded=0
Direct3D:
    Version:  Direct3D 11.0 [level 11.0]
    Renderer: NVIDIA GeForce GT 540M (ID=0xdf4)
    Vendor:   
    VRAM:     1990 MB
    Driver:   23.21.13.9065
Initialize mono
Mono path[0] = 'C:/Program Files/Unity/Hub/Editor/2020.2.1f1/Editor/Data/Managed'
Mono path[1] = 'C:/Program Files/Unity/Hub/Editor/2020.2.1f1/Editor/Data/MonoBleedingEdge/lib/mono/unityjit'
Mono config path = 'C:/Program Files/Unity/Hub/Editor/2020.2.1f1/Editor/Data/MonoBleedingEdge/etc'
Using monoOptions --debugger-agent=transport=dt_socket,embedding=1,server=y,suspend=n,address=127.0.0.1:56252
Begin MonoManager ReloadAssembly
Registering precompiled unity dll's ...
Register platform support module: C:/Program Files/Unity/Hub/Editor/2020.2.1f1/Editor/Data/PlaybackEngines/WebGLSupport/UnityEditor.WebGL.Extensions.dll
Register platform support module: C:/Program Files/Unity/Hub/Editor/2020.2.1f1/Editor/Data/PlaybackEngines/WindowsStandaloneSupport/UnityEditor.WindowsStandalone.Extensions.dll
Registered in 0.005441 seconds.
Native extension for WindowsStandalone target not found
Native extension for WebGL target not found
Refreshing native plugins compatible for Editor in 102.05 ms, found 0 plugins.
Preloading 0 native plugins for Editor in 0.00 ms.
Invoked RoslynAnalysisRunner static constructor.
RoslynAnalysisRunner will not be running.
RoslynAnalysisRunner has terminated.
Mono: successfully reloaded assembly
- Completed reload, in  3.704 seconds
Platform modules already initialized, skipping
Registering precompiled user dll's ...
Registered in 0.002843 seconds.
Begin MonoManager ReloadAssembly
Native extension for WindowsStandalone target not found
Native extension for WebGL target not found
Refreshing native plugins compatible for Editor in 110.41 ms, found 0 plugins.
Preloading 0 native plugins for Editor in 0.00 ms.
Invoked RoslynAnalysisRunner static constructor.
RoslynAnalysisRunner will not be running.
RoslynAnalysisRunner has terminated.
Mono: successfully reloaded assembly
- Completed reload, in  3.949 seconds
Platform modules already initialized, skipping
========================================================================
Worker process is ready to serve import requests
Shader 'Universal Render Pipeline/Particles/Lit': fallback shader 'Universal Render Pipeline/Particles/SimpleLit' not found
Shader 'Universal Render Pipeline/Particles/Lit': fallback shader 'Universal Render Pipeline/Particles/SimpleLit' not found
Launched and connected shader compiler UnityShaderCompiler.exe after 4.03 seconds
Refreshing native plugins compatible for Editor in 0.85 ms, found 0 plugins.
Preloading 0 native plugins for Editor in 0.00 ms.
Unloading 3118 Unused Serialized files (Serialized files now loaded: 0)
System memory in use before: 141.0 MB.
System memory in use after: 139.0 MB.

Unloading 160 unused Assets to reduce memory usage. Loaded Objects now: 3525.
Total: 177.603800 ms (FindLiveObjects: 0.381000 ms CreateObjectMapping: 0.176100 ms MarkObjects: 160.250600 ms  DeleteObjects: 16.793600 ms)

========================================================================
Received Import Request.
  path: Assets/Scripts/BehaviourTree/Node.cs
  artifactKey: Guid(6b370a4a90f3b0c40b39c92924329fca) Importer(815301076,1909f56bfc062723c751e8b465ee728b)
Start importing Assets/Scripts/BehaviourTree/Node.cs using Guid(6b370a4a90f3b0c40b39c92924329fca) Importer(815301076,1909f56bfc062723c751e8b465ee728b)  -> (artifact id: '1095a4340aefd8cfe6fe11fc0c1de020') in 0.332178 seconds
  Import took 0.494860 seconds .

========================================================================
Received Import Request.
  Time since last request: 507.137390 seconds.
  path: Assets/Scripts/BehaviourTree/Node.cs
  artifactKey: Guid(6b370a4a90f3b0c40b39c92924329fca) Importer(815301076,1909f56bfc062723c751e8b465ee728b)
Start importing Assets/Scripts/BehaviourTree/Node.cs using Guid(6b370a4a90f3b0c40b39c92924329fca) Importer(815301076,1909f56bfc062723c751e8b465ee728b)  -> (artifact id: '0a85c08292a26519ccd12fec1bc642ee') in 0.030185 seconds
  Import took 0.059476 seconds .

========================================================================
Received Prepare
Registering precompiled user dll's ...
Registered in 0.002652 seconds.
Begin MonoManager ReloadAssembly
Native extension for WindowsStandalone target not found
Native extension for WebGL target not found
Refreshing native plugins compatible for Editor in 0.81 ms, found 0 plugins.
Preloading 0 native plugins for Editor in 0.00 ms.
Warning: Annotation not found!
UnityEngine.StackTraceUtility:ExtractStackTrace ()
UnityEditor.ProBuilder.EditorUtility:SetGizmoIconEnabled (System.Type,bool) (at C:/Users/Monas1/Spirited away Project/Library/PackageCache/com.unity.probuilder@4.4.0/Editor/EditorCore/EditorUtility.cs:593)
UnityEditor.ProBuilder.HierarchyListener:.cctor () (at C:/Users/Monas1/Spirited away Project/Library/PackageCache/com.unity.probuilder@4.4.0/Editor/EditorCore/HierarchyListener.cs:21)
System.Runtime.CompilerServices.RuntimeHelpers:RunClassConstructor (System.RuntimeTypeHandle)
UnityEditor.EditorAssemblies:ProcessInitializeOnLoadAttributes (System.Type[])

[C:/Users/Monas1/Spirited away Project/Library/PackageCache/com.unity.probuilder@4.4.0/Editor/EditorCore/EditorUtility.cs line 593]

Invoked RoslynAnalysisRunner static constructor.
RoslynAnalysisRunner will not be running.
RoslynAnalysisRunner has terminated.
Mono: successfully reloaded assembly
- Completed reload, in  1.816 seconds
Platform modules already initialized, skipping
Shader 'Universal Render Pipeline/Particles/Lit': fallback shader 'Universal Render Pipeline/Particles/SimpleLit' not found
Shader 'Universal Render Pipeline/Particles/Lit': fallback shader 'Universal Render Pipeline/Particles/SimpleLit' not found
Refreshing native plugins compatible for Editor in 0.88 ms, found 0 plugins.
Preloading 0 native plugins for Editor in 0.00 ms.
Unloading 2989 Unused Serialized files (Serialized files now loaded: 0)
System memory in use before: 135.0 MB.
System memory in use after: 133.0 MB.

Unloading 42 unused Assets to reduce memory usage. Loaded Objects now: 3527.
Total: 5.851500 ms (FindLiveObjects: 0.381300 ms CreateObjectMapping: 0.167300 ms MarkObjects: 3.315500 ms  DeleteObjects: 1.985000 ms)

========================================================================
Received Import Request.
  Time since last request: 358.777721 seconds.
  path: Assets/Scripts/BehaviourTree
  artifactKey: Guid(da8206383ba8b0b44aaaf101fc14426a) Importer(815301076,1909f56bfc062723c751e8b465ee728b)
Start importing Assets/Scripts/BehaviourTree using Guid(da8206383ba8b0b44aaaf101fc14426a) Importer(815301076,1909f56bfc062723c751e8b465ee728b)  -> (artifact id: '415705d0f09b3c35ed51fbd81debd117') in 0.058832 seconds
  Import took 0.133112 seconds .

========================================================================
Received Import Request.
  Time since last request: 35.786527 seconds.
  path: Assets/Scripts/BehaviourTree/Sequence.cs
  artifactKey: Guid(d56bbbf3cf3da3e4684ac9581f066998) Importer(815301076,1909f56bfc062723c751e8b465ee728b)
Start importing Assets/Scripts/BehaviourTree/Sequence.cs using Guid(d56bbbf3cf3da3e4684ac9581f066998) Importer(815301076,1909f56bfc062723c751e8b465ee728b)  -> (artifact id: '7656cfc4371dc547936b2958b85c8edc') in 0.055995 seconds
  Import took 0.155793 seconds .

========================================================================
Received Prepare
Registering precompiled user dll's ...
Registered in 0.002738 seconds.
Begin MonoManager ReloadAssembly
Native extension for WindowsStandalone target not found
Native extension for WebGL target not found
Refreshing native plugins compatible for Editor in 0.86 ms, found 0 plugins.
Preloading 0 native plugins for Editor in 0.00 ms.
Warning: Annotation not found!
UnityEngine.StackTraceUtility:ExtractStackTrace ()
UnityEditor.ProBuilder.EditorUtility:SetGizmoIconEnabled (System.Type,bool) (at C:/Users/Monas1/Spirited away Project/Library/PackageCache/com.unity.probuilder@4.4.0/Editor/EditorCore/EditorUtility.cs:593)
UnityEditor.ProBuilder.HierarchyListener:.cctor () (at C:/Users/Monas1/Spirited away Project/Library/PackageCache/com.unity.probuilder@4.4.0/Editor/EditorCore/HierarchyListener.cs:21)
System.Runtime.CompilerServices.RuntimeHelpers:RunClassConstructor (System.RuntimeTypeHandle)
UnityEditor.EditorAssemblies:ProcessInitializeOnLoadAttributes (System.Type[])

[C:/Users/Monas1/Spirited away Project/Library/PackageCache/com.unity.probuilder@4.4.0/Editor/EditorCore/EditorUtility.cs line 593]

Invoked RoslynAnalysisRunner static constructor.
RoslynAnalysisRunner will not be running.
RoslynAnalysisRunner has terminated.
Mono: successfully reloaded assembly
- Completed reload, in  1.939 seconds
Platform modules already initialized, skipping
Shader 'Universal Render Pipeline/Particles/Lit': fallback shader 'Universal Render Pipeline/Particles/SimpleLit' not found
Shader 'Universal Render Pipeline/Particles/Lit': fallback shader 'Universal Render Pipeline/Particles/SimpleLit' not found
Refreshing native plugins compatible for Editor in 0.88 ms, found 0 plugins.
Preloading 0 native plugins for Editor in 0.00 ms.
Unloading 2990 Unused Serialized files (Serialized files now loaded: 0)
System memory in use before: 135.0 MB.
System memory in use after: 133.0 MB.

Unloading 42 unused Assets to reduce memory usage. Loaded Objects now: 3530.
Total: 7.750900 ms (FindLiveObjects: 0.645500 ms CreateObjectMapping: 0.213400 ms MarkObjects: 3.925100 ms  DeleteObjects: 2.964400 ms)

========================================================================
Received Prepare
Registering precompiled user dll's ...
Registered in 0.002669 seconds.
Begin MonoManager ReloadAssembly
Native extension for WindowsStandalone target not found
Native extension for WebGL target not found
Refreshing native plugins compatible for Editor in 0.85 ms, found 0 plugins.
Preloading 0 native plugins for Editor in 0.00 ms.
Warning: Annotation not found!
UnityEngine.StackTraceUtility:ExtractStackTrace ()
UnityEditor.ProBuilder.EditorUtility:SetGizmoIconEnabled (System.Type,bool) (at C:/Users/Monas1/Spirited away Project/Library/PackageCache/com.unity.probuilder@4.4.0/Editor/EditorCore/EditorUtility.cs:593)
UnityEditor.ProBuilder.HierarchyListener:.cctor () (at C:/Users/Monas1/Spirited away Project/Library/PackageCache/com.unity.probuilder@4.4.0/Editor/EditorCore/HierarchyListener.cs:21)
System.Runtime.CompilerServices.RuntimeHelpers:RunClassConstructor (System.RuntimeTypeHandle)
UnityEditor.EditorAssemblies:ProcessInitializeOnLoadAttributes (System.Type[])

[C:/Users/Monas1/Spirited away Project/Library/PackageCache/com.unity.probuilder@4.4.0/Editor/EditorCore/EditorUtility.cs line 593]

Invoked RoslynAnalysisRunner static constructor.
RoslynAnalysisRunner will not be running.
RoslynAnalysisRunner has terminated.
Mono: successfully reloaded assembly
- Completed reload, in  1.842 seconds
Platform modules already initialized, skipping
Script is not up to date after domain reload: guid(9af19a594272051469ea7e0a79a8b4aa) path("Assets/Scripts/BehaviourTree/Selector.cs") state(2)
Shader 'Universal Render Pipeline/Particles/Lit': fallback shader 'Universal Render Pipeline/Particles/SimpleLit' not found
Shader 'Universal Render Pipeline/Particles/Lit': fallback shader 'Universal Render Pipeline/Particles/SimpleLit' not found
Refreshing native plugins compatible for Editor in 0.97 ms, found 0 plugins.
Preloading 0 native plugins for Editor in 0.00 ms.
Unloading 2990 Unused Serialized files (Serialized files now loaded: 0)
System memory in use before: 135.1 MB.
System memory in use after: 133.0 MB.

Unloading 42 unused Assets to reduce memory usage. Loaded Objects now: 3532.
Total: 6.817500 ms (FindLiveObjects: 0.421400 ms CreateObjectMapping: 0.192600 ms MarkObjects: 4.061300 ms  DeleteObjects: 2.140000 ms)

========================================================================
Received Prepare
Registering precompiled user dll's ...
Registered in 0.002881 seconds.
Begin MonoManager ReloadAssembly
Native extension for WindowsStandalone target not found
Native extension for WebGL target not found
Refreshing native plugins compatible for Editor in 0.85 ms, found 0 plugins.
Preloading 0 native plugins for Editor in 0.00 ms.
Warning: Annotation not found!
UnityEngine.StackTraceUtility:ExtractStackTrace ()
UnityEditor.ProBuilder.EditorUtility:SetGizmoIconEnabled (System.Type,bool) (at C:/Users/Monas1/Spirited away Project/Library/PackageCache/com.unity.probuilder@4.4.0/Editor/EditorCore/EditorUtility.cs:593)
UnityEditor.ProBuilder.HierarchyListener:.cctor () (at C:/Users/Monas1/Spirited away Project/Library/PackageCache/com.unity.probuilder@4.4.0/Editor/EditorCore/HierarchyListener.cs:21)
System.Runtime.CompilerServices.RuntimeHelpers:RunClassConstructor (System.RuntimeTypeHandle)
UnityEditor.EditorAssemblies:ProcessInitializeOnLoadAttributes (System.Type[])

[C:/Users/Monas1/Spirited away Project/Library/PackageCache/com.unity.probuilder@4.4.0/Editor/EditorCore/EditorUtility.cs line 593]

Invoked RoslynAnalysisRunner static constructor.
RoslynAnalysisRunner will not be running.
RoslynAnalysisRunner has terminated.
Mono: successfully reloaded assembly
- Completed reload, in  1.647 seconds
Platform modules already initialized, skipping
Shader 'Universal Render Pipeline/Particles/Lit': fallback shader 'Universal Render Pipeline/Particles/SimpleLit' not found
Shader 'Universal Render Pipeline/Particles/Lit': fallback shader 'Universal Render Pipeline/Particles/SimpleLit' not found
Refreshing native plugins compatible for Editor in 0.93 ms, found 0 plugins.
Preloading 0 native plugins for Editor in 0.00 ms.
Unloading 2991 Unused Serialized files (Serialized files now loaded: 0)
System memory in use before: 135.1 MB.
System memory in use after: 133.0 MB.

Unloading 42 unused Assets to reduce memory usage. Loaded Objects now: 3535.
Total: 7.621600 ms (FindLiveObjects: 0.388500 ms CreateObjectMapping: 0.159800 ms MarkObjects: 4.641200 ms  DeleteObjects: 2.429900 ms)

========================================================================
Received Import Request.
  Time since last request: 1308.702225 seconds.
  path: Assets/Scripts/BehaviourTree/Selector.cs
  artifactKey: Guid(9af19a594272051469ea7e0a79a8b4aa) Importer(815301076,1909f56bfc062723c751e8b465ee728b)
Start importing Assets/Scripts/BehaviourTree/Selector.cs using Guid(9af19a594272051469ea7e0a79a8b4aa) Importer(815301076,1909f56bfc062723c751e8b465ee728b)  -> (artifact id: 'aefffdb3faa50bf597be002e76403920') in 0.020922 seconds
  Import took 0.078247 seconds .

========================================================================
Received Prepare
Registering precompiled user dll's ...
Registered in 0.002801 seconds.
Begin MonoManager ReloadAssembly
Native extension for WindowsStandalone target not found
Native extension for WebGL target not found
Refreshing native plugins compatible for Editor in 0.85 ms, found 0 plugins.
Preloading 0 native plugins for Editor in 0.00 ms.
Warning: Annotation not found!
UnityEngine.StackTraceUtility:ExtractStackTrace ()
UnityEditor.ProBuilder.EditorUtility:SetGizmoIconEnabled (System.Type,bool) (at C:/Users/Monas1/Spirited away Project/Library/PackageCache/com.unity.probuilder@4.4.0/Editor/EditorCore/EditorUtility.cs:593)
UnityEditor.ProBuilder.HierarchyListener:.cctor () (at C:/Users/Monas1/Spirited away Project/Library/PackageCache/com.unity.probuilder@4.4.0/Editor/EditorCore/HierarchyListener.cs:21)
System.Runtime.CompilerServices.RuntimeHelpers:RunClassConstructor (System.RuntimeTypeHandle)
UnityEditor.EditorAssemblies:ProcessInitializeOnLoadAttributes (System.Type[])

[C:/Users/Monas1/Spirited away Project/Library/PackageCache/com.unity.probuilder@4.4.0/Editor/EditorCore/EditorUtility.cs line 593]

Invoked RoslynAnalysisRunner static constructor.
RoslynAnalysisRunner will not be running.
RoslynAnalysisRunner has terminated.
Mono: successfully reloaded assembly
- Completed reload, in  1.812 seconds
Platform modules already initialized, skipping
Shader 'Universal Render Pipeline/Particles/Lit': fallback shader 'Universal Render Pipeline/Particles/SimpleLit' not found
Shader 'Universal Render Pipeline/Particles/Lit': fallback shader 'Universal Render Pipeline/Particles/SimpleLit' not found
Refreshing native plugins compatible for Editor in 0.94 ms, found 0 plugins.
Preloading 0 native plugins for Editor in 0.00 ms.
Unloading 2991 Unused Serialized files (Serialized files now loaded: 0)
System memory in use before: 135.1 MB.
System memory in use after: 133.0 MB.

Unloading 42 unused Assets to reduce memory usage. Loaded Objects now: 3537.
Total: 6.735700 ms (FindLiveObjects: 0.402800 ms CreateObjectMapping: 0.168400 ms MarkObjects: 3.619300 ms  DeleteObjects: 2.540600 ms)

========================================================================
Received Import Request.
  Time since last request: 415.256923 seconds.
  path: Assets/Scripts/BehaviourTree/Selector.cs
  artifactKey: Guid(9af19a594272051469ea7e0a79a8b4aa) Importer(815301076,1909f56bfc062723c751e8b465ee728b)
Start importing Assets/Scripts/BehaviourTree/Selector.cs using Guid(9af19a594272051469ea7e0a79a8b4aa) Importer(815301076,1909f56bfc062723c751e8b465ee728b)  -> (artifact id: 'd8858d27bf63afa7a2eda0b8cdec638b') in 0.011478 seconds
  Import took 0.070184 seconds .

========================================================================
Received Import Request.
  Time since last request: 57.453516 seconds.
  path: Assets/Scripts/BehaviourTree/Invertor.cs
  artifactKey: Guid(988258d671076d84aa7866d66baf0bb2) Importer(815301076,1909f56bfc062723c751e8b465ee728b)
Start importing Assets/Scripts/BehaviourTree/Invertor.cs using Guid(988258d671076d84aa7866d66baf0bb2) Importer(815301076,1909f56bfc062723c751e8b465ee728b)  -> (artifact id: 'eb237f44671f27cd26d02e455a40378d') in 0.135463 seconds
  Import took 0.207643 seconds .

========================================================================
Received Prepare
Registering precompiled user dll's ...
Registered in 0.002794 seconds.
Begin MonoManager ReloadAssembly
Native extension for WindowsStandalone target not found
Native extension for WebGL target not found
Refreshing native plugins compatible for Editor in 0.83 ms, found 0 plugins.
Preloading 0 native plugins for Editor in 0.00 ms.
Warning: Annotation not found!
UnityEngine.StackTraceUtility:ExtractStackTrace ()
UnityEditor.ProBuilder.EditorUtility:SetGizmoIconEnabled (System.Type,bool) (at C:/Users/Monas1/Spirited away Project/Library/PackageCache/com.unity.probuilder@4.4.0/Editor/EditorCore/EditorUtility.cs:593)
UnityEditor.ProBuilder.HierarchyListener:.cctor () (at C:/Users/Monas1/Spirited away Project/Library/PackageCache/com.unity.probuilder@4.4.0/Editor/EditorCore/HierarchyListener.cs:21)
System.Runtime.CompilerServices.RuntimeHelpers:RunClassConstructor (System.RuntimeTypeHandle)
UnityEditor.EditorAssemblies:ProcessInitializeOnLoadAttributes (System.Type[])

[C:/Users/Monas1/Spirited away Project/Library/PackageCache/com.unity.probuilder@4.4.0/Editor/EditorCore/EditorUtility.cs line 593]

Invoked RoslynAnalysisRunner static constructor.
RoslynAnalysisRunner will not be running.
RoslynAnalysisRunner has terminated.
Mono: successfully reloaded assembly
- Completed reload, in  1.701 seconds
Platform modules already initialized, skipping
Shader 'Universal Render Pipeline/Particles/Lit': fallback shader 'Universal Render Pipeline/Particles/SimpleLit' not found
Shader 'Universal Render Pipeline/Particles/Lit': fallback shader 'Universal Render Pipeline/Particles/SimpleLit' not found
Refreshing native plugins compatible for Editor in 0.93 ms, found 0 plugins.
Preloading 0 native plugins for Editor in 0.00 ms.
Unloading 2992 Unused Serialized files (Serialized files now loaded: 0)
System memory in use before: 135.1 MB.
System memory in use after: 133.1 MB.

Unloading 42 unused Assets to reduce memory usage. Loaded Objects now: 3540.
Total: 32.649800 ms (FindLiveObjects: 1.365800 ms CreateObjectMapping: 0.412000 ms MarkObjects: 27.349400 ms  DeleteObjects: 3.518900 ms)

========================================================================
Received Prepare
Registering precompiled user dll's ...
Registered in 0.002857 seconds.
Begin MonoManager ReloadAssembly
Native extension for WindowsStandalone target not found
Native extension for WebGL target not found
Refreshing native plugins compatible for Editor in 0.90 ms, found 0 plugins.
Preloading 0 native plugins for Editor in 0.00 ms.
Warning: Annotation not found!
UnityEngine.StackTraceUtility:ExtractStackTrace ()
UnityEditor.ProBuilder.EditorUtility:SetGizmoIconEnabled (System.Type,bool) (at C:/Users/Monas1/Spirited away Project/Library/PackageCache/com.unity.probuilder@4.4.0/Editor/EditorCore/EditorUtility.cs:593)
UnityEditor.ProBuilder.HierarchyListener:.cctor () (at C:/Users/Monas1/Spirited away Project/Library/PackageCache/com.unity.probuilder@4.4.0/Editor/EditorCore/HierarchyListener.cs:21)
System.Runtime.CompilerServices.RuntimeHelpers:RunClassConstructor (System.RuntimeTypeHandle)
UnityEditor.EditorAssemblies:ProcessInitializeOnLoadAttributes (System.Type[])

[C:/Users/Monas1/Spirited away Project/Library/PackageCache/com.unity.probuilder@4.4.0/Editor/EditorCore/EditorUtility.cs line 593]

Invoked RoslynAnalysisRunner static constructor.
RoslynAnalysisRunner will not be running.
RoslynAnalysisRunner has terminated.
Mono: successfully reloaded assembly
- Completed reload, in  1.735 seconds
Platform modules already initialized, skipping
Shader 'Universal Render Pipeline/Particles/Lit': fallback shader 'Universal Render Pipeline/Particles/SimpleLit' not found
Shader 'Universal Render Pipeline/Particles/Lit': fallback shader 'Universal Render Pipeline/Particles/SimpleLit' not found
Refreshing native plugins compatible for Editor in 0.85 ms, found 0 plugins.
Preloading 0 native plugins for Editor in 0.00 ms.
Unloading 2992 Unused Serialized files (Serialized files now loaded: 0)
System memory in use before: 135.1 MB.
System memory in use after: 133.1 MB.

Unloading 42 unused Assets to reduce memory usage. Loaded Objects now: 3542.
Total: 7.395800 ms (FindLiveObjects: 0.433300 ms CreateObjectMapping: 0.170600 ms MarkObjects: 3.865300 ms  DeleteObjects: 2.924500 ms)

========================================================================
Received Import Request.
  Time since last request: 459.494964 seconds.
  path: Assets/Scripts/BehaviourTree/Invertor.cs
  artifactKey: Guid(988258d671076d84aa7866d66baf0bb2) Importer(815301076,1909f56bfc062723c751e8b465ee728b)
Start importing Assets/Scripts/BehaviourTree/Invertor.cs using Guid(988258d671076d84aa7866d66baf0bb2) Importer(815301076,1909f56bfc062723c751e8b465ee728b)  -> (artifact id: '830af03a6d7c50795554ad15e7386401') in 0.010047 seconds
  Import took 0.113430 seconds .

